[2023-03-08 09:35:40,486] [main] INFO org.springframework.data.repository.config.RepositoryConfigurationDelegate Bootstrapping Spring Data JPA repositories in DEFAULT mode.
[2023-03-08 09:35:40,559] [main] INFO org.springframework.data.repository.config.RepositoryConfigurationDelegate Finished Spring Data repository scanning in 33 ms. Found 0 JPA repository interfaces.
[2023-03-08 09:35:41,257] [main] INFO org.springframework.cloud.context.scope.GenericScope BeanFactory id=deb34322-7dec-3162-aa9b-3ea1354a206f
[2023-03-08 09:35:42,747] [main] INFO org.springframework.boot.web.embedded.tomcat.TomcatWebServer Tomcat initialized with port(s): 8080 (http)
[2023-03-08 09:35:42,771] [main] INFO org.apache.coyote.http11.Http11NioProtocol Initializing ProtocolHandler ["http-nio-8080"]
[2023-03-08 09:35:42,773] [main] INFO org.apache.catalina.core.StandardService Starting service [Tomcat]
[2023-03-08 09:35:42,774] [main] INFO org.apache.catalina.core.StandardEngine Starting Servlet engine: [Apache Tomcat/10.1.5]
[2023-03-08 09:35:43,110] [main] INFO org.apache.catalina.core.ContainerBase.[Tomcat].[localhost].[/] Initializing Spring embedded WebApplicationContext
[2023-03-08 09:35:43,111] [main] INFO org.springframework.boot.web.servlet.context.ServletWebServerApplicationContext Root WebApplicationContext: initialization completed in 4954 ms
[2023-03-08 09:35:43,480] [main] INFO com.zaxxer.hikari.HikariDataSource HikariPool-1 - Starting...
[2023-03-08 09:35:44,052] [main] INFO com.zaxxer.hikari.pool.HikariPool HikariPool-1 - Added connection conn0: url=jdbc:h2:mem:9c5db94e-616d-49fa-892a-2bfad9460294 user=SA
[2023-03-08 09:35:44,056] [main] INFO com.zaxxer.hikari.HikariDataSource HikariPool-1 - Start completed.
[2023-03-08 09:35:44,226] [main] INFO org.hibernate.jpa.internal.util.LogHelper HHH000204: Processing PersistenceUnitInfo [name: default]
[2023-03-08 09:35:44,449] [main] INFO org.hibernate.Version HHH000412: Hibernate ORM core version 6.1.7.Final
[2023-03-08 09:35:45,535] [main] INFO SQL dialect HHH000400: Using dialect: org.hibernate.dialect.H2Dialect
[2023-03-08 09:35:46,201] [main] INFO org.hibernate.engine.transaction.jta.platform.internal.JtaPlatformInitiator HHH000490: Using JtaPlatform implementation: [org.hibernate.engine.transaction.jta.platform.internal.NoJtaPlatform]
[2023-03-08 09:35:46,230] [main] INFO org.springframework.orm.jpa.LocalContainerEntityManagerFactoryBean Initialized JPA EntityManagerFactory for persistence unit 'default'
[2023-03-08 09:35:46,331] [main] WARN org.springframework.boot.autoconfigure.orm.jpa.JpaBaseConfiguration$JpaWebConfiguration spring.jpa.open-in-view is enabled by default. Therefore, database queries may be performed during view rendering. Explicitly configure spring.jpa.open-in-view to disable this warning
[2023-03-08 09:35:48,274] [main] INFO org.springframework.cloud.netflix.eureka.config.DiscoveryClientOptionalArgsConfiguration Eureka HTTP Client uses RestTemplate.
[2023-03-08 09:35:48,992] [main] WARN org.springframework.cloud.loadbalancer.config.LoadBalancerCacheAutoConfiguration$LoadBalancerCaffeineWarnLogger Spring Cloud LoadBalancer is currently working with the default cache. While this cache implementation is useful for development and tests, it's recommended to use Caffeine cache in production.You can switch to using Caffeine cache, by adding it and org.springframework.cache.caffeine.CaffeineCacheManager to the classpath.
[2023-03-08 09:35:49,055] [main] INFO org.springframework.cloud.netflix.eureka.InstanceInfoFactory Setting initial instance status as: STARTING
